<!DOCTYPE html PUBLIC "-//W3C//DTD XHTML 1.1//EN" "https://www.w3.org/TR/xhtml11/DTD/xhtml11.dtd">
<html xmlns="https://www.w3.org/1999/xhtml">
<head>
<meta http-equiv="content-type" content="text/html; charset=UTF-8"/>
<title>TestNG Report</title>
<style type="text/css">table {margin-bottom:10px;border-collapse:collapse;empty-cells:show}th,td {border:1px solid #009;padding:.25em .5em}th {vertical-align:bottom}td {vertical-align:top}table a {font-weight:bold}.stripe td {background-color: #E6EBF9}.num {text-align:right}.passedodd td {background-color: #3F3}.passedeven td {background-color: #0A0}.skippedodd td {background-color: #DDD}.skippedeven td {background-color: #CCC}.failedodd td,.attn {background-color: #F33}.failedeven td,.stripe .attn {background-color: #D00}.stacktrace {white-space:pre;font-family:monospace}.totop {font-size:85%;text-align:center;border-bottom:2px solid #000}.invisible {display:none}</style>
</head>
<body>
<table>
<tr><th>Test</th><th># Passed</th><th># Skipped</th><th># Retried</th><th># Failed</th><th>Time (ms)</th><th>Included Groups</th><th>Excluded Groups</th></tr>
<tr><th colspan="8">Testsuite</th></tr>
<tr><td><a href="#t0">Login Test</a></td><td class="num">6</td><td class="num">0</td><td class="num">0</td><td class="num attn">5</td><td class="num">400,659</td><td></td><td></td></tr>
</table>
<table id='summary'><thead><tr><th>Class</th><th>Method</th><th>Start</th><th>Time (ms)</th></tr></thead><tbody><tr><th colspan="4">Testsuite</th></tr></tbody><tbody id="t0"><tr><th colspan="4">Login Test &#8212; failed</th></tr><tr class="failedeven"><td rowspan="1">com.tutorialninja.testsuite.HomePageTest</td><td><a href="#m0">verifyUserShouldNavigateToComponentsPageSuccessfully</a></td><td rowspan="1">1670970173258</td><td rowspan="1">60234</td></tr><tr class="failedodd"><td rowspan="1">com.tutorialninja.testsuite.LaptopsAndNotebooksTest</td><td><a href="#m1">verifyThatUserPlaceOrderSuccessfully</a></td><td rowspan="1">1670970258522</td><td rowspan="1">48225</td></tr><tr class="failedeven"><td rowspan="3">com.tutorialninja.testsuite.MyAccountTest</td><td><a href="#m2">verifyThatUserRegisterAccountSuccessfully</a></td><td rowspan="1">1670970311643</td><td rowspan="1">60196</td></tr><tr class="failedeven"><td><a href="#m3">verifyUserShouldNavigateToLoginPageSuccessfully</a></td><td rowspan="1">1670970403005</td><td rowspan="1">60093</td></tr><tr class="failedeven"><td><a href="#m4">verifyUserShouldNavigateToRegisterPageSuccessfully</a></td><td rowspan="1">1670970469856</td><td rowspan="1">60140</td></tr><tr><th colspan="4">Login Test &#8212; passed</th></tr><tr class="passedeven"><td rowspan="2">com.tutorialninja.testsuite.DesktopTest</td><td><a href="#m5">verifyProductAddedToShoppingCartSuccessFully</a></td><td rowspan="1">1670970139875</td><td rowspan="1">21148</td></tr><tr class="passedeven"><td><a href="#m6">verifyProductArrangeInAlphabeticalOrder</a></td><td rowspan="1">1670970166335</td><td rowspan="1">2020</td></tr><tr class="passedodd"><td rowspan="2">com.tutorialninja.testsuite.HomePageTest</td><td><a href="#m7">verifyUserShouldNavigateToDesktopsPageSuccessfully</a></td><td rowspan="1">1670970238874</td><td rowspan="1">1133</td></tr><tr class="passedodd"><td><a href="#m8">verifyUserShouldNavigateToLaptopsAndNotebooksPageSuccessfully</a></td><td rowspan="1">1670970244929</td><td rowspan="1">1116</td></tr><tr class="passedeven"><td rowspan="1">com.tutorialninja.testsuite.LaptopsAndNotebooksTest</td><td><a href="#m9">verifyProductsPriceDisplayHighToLowSuccessfully</a></td><td rowspan="1">1670970251256</td><td rowspan="1">2123</td></tr><tr class="passedodd"><td rowspan="1">com.tutorialninja.testsuite.MyAccountTest</td><td><a href="#m10">verifyThatUserShouldLoginAndLogoutSuccessfully</a></td><td rowspan="1">1670970377175</td><td rowspan="1">21028</td></tr></tbody>
</table>
<h2>Login Test</h2><h3 id="m0">com.tutorialninja.testsuite.HomePageTest#verifyUserShouldNavigateToComponentsPageSuccessfully</h3><table class="result"><tr><th>Messages</th></tr><tr><td><div class="messages">verifyText2Proxy element for: DefaultElementLocator 'By.xpath: //h2[contains(text(),'Components')]'<br/>Click to see screenshot<br/><a target = "_blank" href=C:\Users\Nimisha\Week15-project5-com-tutorialninja-page-factory_NimishaPatel/test-output/html/verifyUserShouldNavigateToComponentsPageSuccessfullyTue_Dec_13_22_23_54_GMT_2022.jpg>Screenshot</a><br/><br><br/>Click to see screenshot<br/><a target = "_blank" href=C:\Users\Nimisha\Week15-project5-com-tutorialninja-page-factory_NimishaPatel/test-output/html/verifyUserShouldNavigateToComponentsPageSuccessfullyTue_Dec_13_22_23_54_GMT_2022.jpg>Screenshot</a><br/><br></div></td></tr><tr><th>Exception</th></tr><tr><td><div class="stacktrace">org.openqa.selenium.NoSuchElementException: no such element: Unable to locate element: {&quot;method&quot;:&quot;xpath&quot;,&quot;selector&quot;:&quot;//h2[contains(text(),&apos;Components&apos;)]&quot;}
  (Session info: chrome=108.0.5359.99)
For documentation on this error, please visit: https://selenium.dev/exceptions/#no_such_element
Build info: version: &apos;4.6.0&apos;, revision: &apos;79f1c02ae20&apos;
System info: os.name: &apos;Windows 10&apos;, os.arch: &apos;amd64&apos;, os.version: &apos;10.0&apos;, java.version: &apos;11.0.13&apos;
Driver info: org.openqa.selenium.chrome.ChromeDriver
Command: [27941358426252e4619a7b8b81a698bf, findElement {using=xpath, value=//h2[contains(text(),&apos;Components&apos;)]}]
Capabilities {acceptInsecureCerts: false, browserName: chrome, browserVersion: 108.0.5359.99, chrome: {chromedriverVersion: 108.0.5359.71 (1e0e3868ee06..., userDataDir: C:\Users\Nimisha\AppData\Lo...}, goog:chromeOptions: {debuggerAddress: localhost:6358}, networkConnectionEnabled: false, pageLoadStrategy: normal, platformName: WINDOWS, proxy: Proxy(), se:cdp: ws://localhost:6358/devtool..., se:cdpVersion: 108.0.5359.99, setWindowRect: true, strictFileInteractability: false, timeouts: {implicit: 0, pageLoad: 300000, script: 30000}, unhandledPromptBehavior: dismiss and notify, webauthn:extension:credBlob: true, webauthn:extension:largeBlob: true, webauthn:virtualAuthenticators: true}
Session ID: 27941358426252e4619a7b8b81a698bf
	at org.openqa.selenium.remote.codec.w3c.W3CHttpResponseCodec.createException(W3CHttpResponseCodec.java:200)
	at org.openqa.selenium.remote.codec.w3c.W3CHttpResponseCodec.decode(W3CHttpResponseCodec.java:133)
	at org.openqa.selenium.remote.codec.w3c.W3CHttpResponseCodec.decode(W3CHttpResponseCodec.java:53)
	at org.openqa.selenium.remote.HttpCommandExecutor.execute(HttpCommandExecutor.java:184)
	at org.openqa.selenium.remote.service.DriverCommandExecutor.invokeExecute(DriverCommandExecutor.java:167)
	at org.openqa.selenium.remote.service.DriverCommandExecutor.execute(DriverCommandExecutor.java:142)
	at org.openqa.selenium.remote.RemoteWebDriver.execute(RemoteWebDriver.java:541)
	at org.openqa.selenium.remote.ElementLocation$ElementFinder$2.findElement(ElementLocation.java:162)
	at org.openqa.selenium.remote.ElementLocation.findElement(ElementLocation.java:60)
	at org.openqa.selenium.remote.RemoteWebDriver.findElement(RemoteWebDriver.java:365)
	at org.openqa.selenium.remote.RemoteWebDriver.findElement(RemoteWebDriver.java:357)
	at org.openqa.selenium.support.pagefactory.DefaultElementLocator.findElement(DefaultElementLocator.java:70)
	at org.openqa.selenium.support.pagefactory.internal.LocatingElementHandler.invoke(LocatingElementHandler.java:39)
	at com.sun.proxy.$Proxy18.getText(Unknown Source)
	at com.tutorialninja.utility.Utility.getTextFromElement(Utility.java:62)
	at com.tutorialninja.page.HomePage.getVerifyText2(HomePage.java:63)
	at com.tutorialninja.testsuite.HomePageTest.verifyUserShouldNavigateToComponentsPageSuccessfully(HomePageTest.java:45)
	at java.base/java.util.ArrayList.forEach(ArrayList.java:1541)
	at com.intellij.rt.testng.IDEARemoteTestNG.run(IDEARemoteTestNG.java:66)
	at com.intellij.rt.testng.RemoteTestNGStarter.main(RemoteTestNGStarter.java:109)
... Removed 28 stack frames</div></td></tr></table><p class="totop"><a href="#summary">back to summary</a></p>
<h3 id="m1">com.tutorialninja.testsuite.LaptopsAndNotebooksTest#verifyThatUserPlaceOrderSuccessfully</h3><table class="result"><tr><th>Messages</th></tr><tr><td><div class="messages">currencyLink[[ChromeDriver: chrome on WINDOWS (71d07f8b77784550d07f53da0cfd8390)] -> xpath: //span[contains(text(),'Currency')]]<br/>clickOnLaptopsLink[[ChromeDriver: chrome on WINDOWS (71d07f8b77784550d07f53da0cfd8390)] -> link text: Laptops & Notebooks]<br/>clickOnAllLaptopAndNotebooksLink[[ChromeDriver: chrome on WINDOWS (71d07f8b77784550d07f53da0cfd8390)] -> link text: Show All Laptops & Notebooks]<br/>clickOnMacbookLink[[ChromeDriver: chrome on WINDOWS (71d07f8b77784550d07f53da0cfd8390)] -> link text: MacBook]<br/>getVerifyMacbook[[ChromeDriver: chrome on WINDOWS (71d07f8b77784550d07f53da0cfd8390)] -> link text: MacBook]<br/>clickOnAddToCart[[ChromeDriver: chrome on WINDOWS (71d07f8b77784550d07f53da0cfd8390)] -> xpath: //button[@id='button-cart']]<br/>getVerifySuccess[[ChromeDriver: chrome on WINDOWS (71d07f8b77784550d07f53da0cfd8390)] -> xpath: //div[@class='alert alert-success alert-dismissible']]<br/>clickOnShoppingCart[[ChromeDriver: chrome on WINDOWS (71d07f8b77784550d07f53da0cfd8390)] -> xpath: //button[@id='button-cart']]<br/>getVerifyCart[[ChromeDriver: chrome on WINDOWS (71d07f8b77784550d07f53da0cfd8390)] -> xpath: //a[contains(text(),'shopping cart')]]<br/>getVerifyProductMacbook[[ChromeDriver: chrome on WINDOWS (71d07f8b77784550d07f53da0cfd8390)] -> xpath: //div[@id='content']//h1]<br/>clickOnUpdateCart[[ChromeDriver: chrome on WINDOWS (71d07f8b77784550d07f53da0cfd8390)] -> xpath: //button[@id='button-cart']]<br/>getVerifyTotal[[ChromeDriver: chrome on WINDOWS (71d07f8b77784550d07f53da0cfd8390)] -> xpath: //header/div[1]/div[1]/div[3]/div[1]/button[1]]<br/>clickOnCheckoutCart[[ChromeDriver: chrome on WINDOWS (71d07f8b77784550d07f53da0cfd8390)] -> xpath: //header/div[1]/div[1]/div[3]/div[1]/button[1]]<br/>clickOnFinalCheckout[[ChromeDriver: chrome on WINDOWS (71d07f8b77784550d07f53da0cfd8390)] -> xpath: //body[1]/header[1]/div[1]/div[1]/div[3]/div[1]/ul[1]/li[2]/div[1]/p[1]/a[2]/strong[1]]<br/>getVerifyCheckout[[ChromeDriver: chrome on WINDOWS (71d07f8b77784550d07f53da0cfd8390)] -> xpath: //a[contains(text(),'Checkout')]]<br/>clickOnGuestCheckout[[ChromeDriver: chrome on WINDOWS (71d07f8b77784550d07f53da0cfd8390)] -> xpath: //label[text()[normalize-space()='Guest Checkout']]]<br/>clickOnContinueTab[[ChromeDriver: chrome on WINDOWS (71d07f8b77784550d07f53da0cfd8390)] -> xpath: //input[@id='button-account']]<br/>enterNamePari[[ChromeDriver: chrome on WINDOWS (71d07f8b77784550d07f53da0cfd8390)] -> name: firstname]<br/>enterLastNamePatel[[ChromeDriver: chrome on WINDOWS (71d07f8b77784550d07f53da0cfd8390)] -> name: lastname]<br/>enterTelephone123456[[ChromeDriver: chrome on WINDOWS (71d07f8b77784550d07f53da0cfd8390)] -> name: telephone]<br/>enterAddressHilton Road[[ChromeDriver: chrome on WINDOWS (71d07f8b77784550d07f53da0cfd8390)] -> name: address_1]<br/>enterCityCambridge[[ChromeDriver: chrome on WINDOWS (71d07f8b77784550d07f53da0cfd8390)] -> name: city]<br/>enterPostcodeCb4 3NB[[ChromeDriver: chrome on WINDOWS (71d07f8b77784550d07f53da0cfd8390)] -> name: postcode]<br/>enterCountryUK[[ChromeDriver: chrome on WINDOWS (71d07f8b77784550d07f53da0cfd8390)] -> id: input-payment-country]<br/>enterStateCambridge[[ChromeDriver: chrome on WINDOWS (71d07f8b77784550d07f53da0cfd8390)] -> xpath: //select[@id='input-payment-zone']]<br/>clickOnCheckout[[ChromeDriver: chrome on WINDOWS (71d07f8b77784550d07f53da0cfd8390)] -> xpath: //input[@id='button-guest']]<br/>clickOnTermsProxy element for: DefaultElementLocator 'By.xpath: //input[@type='checkbox']'<br/>Click to see screenshot<br/><a target = "_blank" href=C:\Users\Nimisha\Week15-project5-com-tutorialninja-page-factory_NimishaPatel/test-output/html/verifyThatUserPlaceOrderSuccessfullyTue_Dec_13_22_25_07_GMT_2022.jpg>Screenshot</a><br/><br><br/>Click to see screenshot<br/><a target = "_blank" href=C:\Users\Nimisha\Week15-project5-com-tutorialninja-page-factory_NimishaPatel/test-output/html/verifyThatUserPlaceOrderSuccessfullyTue_Dec_13_22_25_07_GMT_2022.jpg>Screenshot</a><br/><br></div></td></tr><tr><th>Exception</th></tr><tr><td><div class="stacktrace">org.openqa.selenium.NoSuchElementException: no such element: Unable to locate element: {&quot;method&quot;:&quot;xpath&quot;,&quot;selector&quot;:&quot;//input[@type=&apos;checkbox&apos;]&quot;}
  (Session info: chrome=108.0.5359.99)
For documentation on this error, please visit: https://selenium.dev/exceptions/#no_such_element
Build info: version: &apos;4.6.0&apos;, revision: &apos;79f1c02ae20&apos;
System info: os.name: &apos;Windows 10&apos;, os.arch: &apos;amd64&apos;, os.version: &apos;10.0&apos;, java.version: &apos;11.0.13&apos;
Driver info: org.openqa.selenium.chrome.ChromeDriver
Command: [71d07f8b77784550d07f53da0cfd8390, findElement {using=xpath, value=//input[@type=&apos;checkbox&apos;]}]
Capabilities {acceptInsecureCerts: false, browserName: chrome, browserVersion: 108.0.5359.99, chrome: {chromedriverVersion: 108.0.5359.71 (1e0e3868ee06..., userDataDir: C:\Users\Nimisha\AppData\Lo...}, goog:chromeOptions: {debuggerAddress: localhost:6465}, networkConnectionEnabled: false, pageLoadStrategy: normal, platformName: WINDOWS, proxy: Proxy(), se:cdp: ws://localhost:6465/devtool..., se:cdpVersion: 108.0.5359.99, setWindowRect: true, strictFileInteractability: false, timeouts: {implicit: 0, pageLoad: 300000, script: 30000}, unhandledPromptBehavior: dismiss and notify, webauthn:extension:credBlob: true, webauthn:extension:largeBlob: true, webauthn:virtualAuthenticators: true}
Session ID: 71d07f8b77784550d07f53da0cfd8390
	at org.openqa.selenium.remote.codec.w3c.W3CHttpResponseCodec.createException(W3CHttpResponseCodec.java:200)
	at org.openqa.selenium.remote.codec.w3c.W3CHttpResponseCodec.decode(W3CHttpResponseCodec.java:133)
	at org.openqa.selenium.remote.codec.w3c.W3CHttpResponseCodec.decode(W3CHttpResponseCodec.java:53)
	at org.openqa.selenium.remote.HttpCommandExecutor.execute(HttpCommandExecutor.java:184)
	at org.openqa.selenium.remote.service.DriverCommandExecutor.invokeExecute(DriverCommandExecutor.java:167)
	at org.openqa.selenium.remote.service.DriverCommandExecutor.execute(DriverCommandExecutor.java:142)
	at org.openqa.selenium.remote.RemoteWebDriver.execute(RemoteWebDriver.java:541)
	at org.openqa.selenium.remote.ElementLocation$ElementFinder$2.findElement(ElementLocation.java:162)
	at org.openqa.selenium.remote.ElementLocation.findElement(ElementLocation.java:60)
	at org.openqa.selenium.remote.RemoteWebDriver.findElement(RemoteWebDriver.java:365)
	at org.openqa.selenium.remote.RemoteWebDriver.findElement(RemoteWebDriver.java:357)
	at org.openqa.selenium.support.pagefactory.DefaultElementLocator.findElement(DefaultElementLocator.java:70)
	at org.openqa.selenium.support.pagefactory.internal.LocatingElementHandler.invoke(LocatingElementHandler.java:39)
	at com.sun.proxy.$Proxy18.click(Unknown Source)
	at com.tutorialninja.utility.Utility.clickOnElement(Utility.java:51)
	at com.tutorialninja.page.LaptopsAndNotebooks.clickOnTerms(LaptopsAndNotebooks.java:290)
	at com.tutorialninja.testsuite.LaptopsAndNotebooksTest.verifyThatUserPlaceOrderSuccessfully(LaptopsAndNotebooksTest.java:83)
	at java.base/java.util.ArrayList.forEach(ArrayList.java:1541)
	at com.intellij.rt.testng.IDEARemoteTestNG.run(IDEARemoteTestNG.java:66)
	at com.intellij.rt.testng.RemoteTestNGStarter.main(RemoteTestNGStarter.java:109)
... Removed 28 stack frames</div></td></tr></table><p class="totop"><a href="#summary">back to summary</a></p>
<h3 id="m2">com.tutorialninja.testsuite.MyAccountTest#verifyThatUserRegisterAccountSuccessfully</h3><table class="result"><tr><th>Messages</th></tr><tr><td><div class="messages">enterPassProxy element for: DefaultElementLocator 'By.id: input-password'<br/>Click to see screenshot<br/><a target = "_blank" href=C:\Users\Nimisha\Week15-project5-com-tutorialninja-page-factory_NimishaPatel/test-output/html/verifyThatUserRegisterAccountSuccessfullyTue_Dec_13_22_26_12_GMT_2022.jpg>Screenshot</a><br/><br><br/>Click to see screenshot<br/><a target = "_blank" href=C:\Users\Nimisha\Week15-project5-com-tutorialninja-page-factory_NimishaPatel/test-output/html/verifyThatUserRegisterAccountSuccessfullyTue_Dec_13_22_26_12_GMT_2022.jpg>Screenshot</a><br/><br></div></td></tr><tr><th>Exception</th></tr><tr><td><div class="stacktrace">org.openqa.selenium.NoSuchElementException: no such element: Unable to locate element: {&quot;method&quot;:&quot;css selector&quot;,&quot;selector&quot;:&quot;#input\-password&quot;}
  (Session info: chrome=108.0.5359.99)
For documentation on this error, please visit: https://selenium.dev/exceptions/#no_such_element
Build info: version: &apos;4.6.0&apos;, revision: &apos;79f1c02ae20&apos;
System info: os.name: &apos;Windows 10&apos;, os.arch: &apos;amd64&apos;, os.version: &apos;10.0&apos;, java.version: &apos;11.0.13&apos;
Driver info: org.openqa.selenium.chrome.ChromeDriver
Command: [9390a1f075dbedbe1c8d76d5f0f3998d, findElement {using=id, value=input-password}]
Capabilities {acceptInsecureCerts: false, browserName: chrome, browserVersion: 108.0.5359.99, chrome: {chromedriverVersion: 108.0.5359.71 (1e0e3868ee06..., userDataDir: C:\Users\Nimisha\AppData\Lo...}, goog:chromeOptions: {debuggerAddress: localhost:6505}, networkConnectionEnabled: false, pageLoadStrategy: normal, platformName: WINDOWS, proxy: Proxy(), se:cdp: ws://localhost:6505/devtool..., se:cdpVersion: 108.0.5359.99, setWindowRect: true, strictFileInteractability: false, timeouts: {implicit: 0, pageLoad: 300000, script: 30000}, unhandledPromptBehavior: dismiss and notify, webauthn:extension:credBlob: true, webauthn:extension:largeBlob: true, webauthn:virtualAuthenticators: true}
Session ID: 9390a1f075dbedbe1c8d76d5f0f3998d
	at org.openqa.selenium.remote.codec.w3c.W3CHttpResponseCodec.createException(W3CHttpResponseCodec.java:200)
	at org.openqa.selenium.remote.codec.w3c.W3CHttpResponseCodec.decode(W3CHttpResponseCodec.java:133)
	at org.openqa.selenium.remote.codec.w3c.W3CHttpResponseCodec.decode(W3CHttpResponseCodec.java:53)
	at org.openqa.selenium.remote.HttpCommandExecutor.execute(HttpCommandExecutor.java:184)
	at org.openqa.selenium.remote.service.DriverCommandExecutor.invokeExecute(DriverCommandExecutor.java:167)
	at org.openqa.selenium.remote.service.DriverCommandExecutor.execute(DriverCommandExecutor.java:142)
	at org.openqa.selenium.remote.RemoteWebDriver.execute(RemoteWebDriver.java:541)
	at org.openqa.selenium.remote.ElementLocation$ElementFinder$2.findElement(ElementLocation.java:162)
	at org.openqa.selenium.remote.ElementLocation.findElement(ElementLocation.java:60)
	at org.openqa.selenium.remote.RemoteWebDriver.findElement(RemoteWebDriver.java:365)
	at org.openqa.selenium.remote.RemoteWebDriver.findElement(RemoteWebDriver.java:357)
	at org.openqa.selenium.support.pagefactory.DefaultElementLocator.findElement(DefaultElementLocator.java:70)
	at org.openqa.selenium.support.pagefactory.internal.LocatingElementHandler.invoke(LocatingElementHandler.java:39)
	at com.sun.proxy.$Proxy18.sendKeys(Unknown Source)
	at com.tutorialninja.utility.Utility.sendTextToElement(Utility.java:73)
	at com.tutorialninja.page.MyAccount.enterPassword(MyAccount.java:114)
	at com.tutorialninja.testsuite.MyAccountTest.verifyThatUserRegisterAccountSuccessfully(MyAccountTest.java:38)
	at java.base/java.util.ArrayList.forEach(ArrayList.java:1541)
	at com.intellij.rt.testng.IDEARemoteTestNG.run(IDEARemoteTestNG.java:66)
	at com.intellij.rt.testng.RemoteTestNGStarter.main(RemoteTestNGStarter.java:109)
... Removed 28 stack frames</div></td></tr></table><p class="totop"><a href="#summary">back to summary</a></p>
<h3 id="m3">com.tutorialninja.testsuite.MyAccountTest#verifyUserShouldNavigateToLoginPageSuccessfully</h3><table class="result"><tr><th>Messages</th></tr><tr><td><div class="messages">varifyReturningProxy element for: DefaultElementLocator 'By.xpath: //h2[contains(text(),'Returning Customer')]'<br/>Click to see screenshot<br/><a target = "_blank" href=C:\Users\Nimisha\Week15-project5-com-tutorialninja-page-factory_NimishaPatel/test-output/html/verifyUserShouldNavigateToLoginPageSuccessfullyTue_Dec_13_22_27_44_GMT_2022.jpg>Screenshot</a><br/><br><br/>Click to see screenshot<br/><a target = "_blank" href=C:\Users\Nimisha\Week15-project5-com-tutorialninja-page-factory_NimishaPatel/test-output/html/verifyUserShouldNavigateToLoginPageSuccessfullyTue_Dec_13_22_27_44_GMT_2022.jpg>Screenshot</a><br/><br></div></td></tr><tr><th>Exception</th></tr><tr><td><div class="stacktrace">org.openqa.selenium.NoSuchElementException: no such element: Unable to locate element: {&quot;method&quot;:&quot;xpath&quot;,&quot;selector&quot;:&quot;//h2[contains(text(),&apos;Returning Customer&apos;)]&quot;}
  (Session info: chrome=108.0.5359.99)
For documentation on this error, please visit: https://selenium.dev/exceptions/#no_such_element
Build info: version: &apos;4.6.0&apos;, revision: &apos;79f1c02ae20&apos;
System info: os.name: &apos;Windows 10&apos;, os.arch: &apos;amd64&apos;, os.version: &apos;10.0&apos;, java.version: &apos;11.0.13&apos;
Driver info: org.openqa.selenium.chrome.ChromeDriver
Command: [3af9f8a4ce8f39c737bb0cc89190b6ec, findElement {using=xpath, value=//h2[contains(text(),&apos;Returning Customer&apos;)]}]
Capabilities {acceptInsecureCerts: false, browserName: chrome, browserVersion: 108.0.5359.99, chrome: {chromedriverVersion: 108.0.5359.71 (1e0e3868ee06..., userDataDir: C:\Users\Nimisha\AppData\Lo...}, goog:chromeOptions: {debuggerAddress: localhost:6557}, networkConnectionEnabled: false, pageLoadStrategy: normal, platformName: WINDOWS, proxy: Proxy(), se:cdp: ws://localhost:6557/devtool..., se:cdpVersion: 108.0.5359.99, setWindowRect: true, strictFileInteractability: false, timeouts: {implicit: 0, pageLoad: 300000, script: 30000}, unhandledPromptBehavior: dismiss and notify, webauthn:extension:credBlob: true, webauthn:extension:largeBlob: true, webauthn:virtualAuthenticators: true}
Session ID: 3af9f8a4ce8f39c737bb0cc89190b6ec
	at org.openqa.selenium.remote.codec.w3c.W3CHttpResponseCodec.createException(W3CHttpResponseCodec.java:200)
	at org.openqa.selenium.remote.codec.w3c.W3CHttpResponseCodec.decode(W3CHttpResponseCodec.java:133)
	at org.openqa.selenium.remote.codec.w3c.W3CHttpResponseCodec.decode(W3CHttpResponseCodec.java:53)
	at org.openqa.selenium.remote.HttpCommandExecutor.execute(HttpCommandExecutor.java:184)
	at org.openqa.selenium.remote.service.DriverCommandExecutor.invokeExecute(DriverCommandExecutor.java:167)
	at org.openqa.selenium.remote.service.DriverCommandExecutor.execute(DriverCommandExecutor.java:142)
	at org.openqa.selenium.remote.RemoteWebDriver.execute(RemoteWebDriver.java:541)
	at org.openqa.selenium.remote.ElementLocation$ElementFinder$2.findElement(ElementLocation.java:162)
	at org.openqa.selenium.remote.ElementLocation.findElement(ElementLocation.java:60)
	at org.openqa.selenium.remote.RemoteWebDriver.findElement(RemoteWebDriver.java:365)
	at org.openqa.selenium.remote.RemoteWebDriver.findElement(RemoteWebDriver.java:357)
	at org.openqa.selenium.support.pagefactory.DefaultElementLocator.findElement(DefaultElementLocator.java:70)
	at org.openqa.selenium.support.pagefactory.internal.LocatingElementHandler.invoke(LocatingElementHandler.java:39)
	at com.sun.proxy.$Proxy18.getText(Unknown Source)
	at com.tutorialninja.utility.Utility.getTextFromElement(Utility.java:62)
	at com.tutorialninja.page.MyAccount.getVerifyReturning(MyAccount.java:89)
	at com.tutorialninja.testsuite.MyAccountTest.verifyUserShouldNavigateToLoginPageSuccessfully(MyAccountTest.java:31)
	at java.base/java.util.ArrayList.forEach(ArrayList.java:1541)
	at com.intellij.rt.testng.IDEARemoteTestNG.run(IDEARemoteTestNG.java:66)
	at com.intellij.rt.testng.RemoteTestNGStarter.main(RemoteTestNGStarter.java:109)
... Removed 28 stack frames</div></td></tr></table><p class="totop"><a href="#summary">back to summary</a></p>
<h3 id="m4">com.tutorialninja.testsuite.MyAccountTest#verifyUserShouldNavigateToRegisterPageSuccessfully</h3><table class="result"><tr><th>Messages</th></tr><tr><td><div class="messages">varifyRegisterProxy element for: DefaultElementLocator 'By.xpath: //h1[contains(text(),'Register Account')]'<br/>Click to see screenshot<br/><a target = "_blank" href=C:\Users\Nimisha\Week15-project5-com-tutorialninja-page-factory_NimishaPatel/test-output/html/verifyUserShouldNavigateToRegisterPageSuccessfullyTue_Dec_13_22_28_50_GMT_2022.jpg>Screenshot</a><br/><br><br/>Click to see screenshot<br/><a target = "_blank" href=C:\Users\Nimisha\Week15-project5-com-tutorialninja-page-factory_NimishaPatel/test-output/html/verifyUserShouldNavigateToRegisterPageSuccessfullyTue_Dec_13_22_28_50_GMT_2022.jpg>Screenshot</a><br/><br></div></td></tr><tr><th>Exception</th></tr><tr><td><div class="stacktrace">org.openqa.selenium.NoSuchElementException: no such element: Unable to locate element: {&quot;method&quot;:&quot;xpath&quot;,&quot;selector&quot;:&quot;//h1[contains(text(),&apos;Register Account&apos;)]&quot;}
  (Session info: chrome=108.0.5359.99)
For documentation on this error, please visit: https://selenium.dev/exceptions/#no_such_element
Build info: version: &apos;4.6.0&apos;, revision: &apos;79f1c02ae20&apos;
System info: os.name: &apos;Windows 10&apos;, os.arch: &apos;amd64&apos;, os.version: &apos;10.0&apos;, java.version: &apos;11.0.13&apos;
Driver info: org.openqa.selenium.chrome.ChromeDriver
Command: [f8c8cace6259567f6444f0874ce94069, findElement {using=xpath, value=//h1[contains(text(),&apos;Register Account&apos;)]}]
Capabilities {acceptInsecureCerts: false, browserName: chrome, browserVersion: 108.0.5359.99, chrome: {chromedriverVersion: 108.0.5359.71 (1e0e3868ee06..., userDataDir: C:\Users\Nimisha\AppData\Lo...}, goog:chromeOptions: {debuggerAddress: localhost:6586}, networkConnectionEnabled: false, pageLoadStrategy: normal, platformName: WINDOWS, proxy: Proxy(), se:cdp: ws://localhost:6586/devtool..., se:cdpVersion: 108.0.5359.99, setWindowRect: true, strictFileInteractability: false, timeouts: {implicit: 0, pageLoad: 300000, script: 30000}, unhandledPromptBehavior: dismiss and notify, webauthn:extension:credBlob: true, webauthn:extension:largeBlob: true, webauthn:virtualAuthenticators: true}
Session ID: f8c8cace6259567f6444f0874ce94069
	at org.openqa.selenium.remote.codec.w3c.W3CHttpResponseCodec.createException(W3CHttpResponseCodec.java:200)
	at org.openqa.selenium.remote.codec.w3c.W3CHttpResponseCodec.decode(W3CHttpResponseCodec.java:133)
	at org.openqa.selenium.remote.codec.w3c.W3CHttpResponseCodec.decode(W3CHttpResponseCodec.java:53)
	at org.openqa.selenium.remote.HttpCommandExecutor.execute(HttpCommandExecutor.java:184)
	at org.openqa.selenium.remote.service.DriverCommandExecutor.invokeExecute(DriverCommandExecutor.java:167)
	at org.openqa.selenium.remote.service.DriverCommandExecutor.execute(DriverCommandExecutor.java:142)
	at org.openqa.selenium.remote.RemoteWebDriver.execute(RemoteWebDriver.java:541)
	at org.openqa.selenium.remote.ElementLocation$ElementFinder$2.findElement(ElementLocation.java:162)
	at org.openqa.selenium.remote.ElementLocation.findElement(ElementLocation.java:60)
	at org.openqa.selenium.remote.RemoteWebDriver.findElement(RemoteWebDriver.java:365)
	at org.openqa.selenium.remote.RemoteWebDriver.findElement(RemoteWebDriver.java:357)
	at org.openqa.selenium.support.pagefactory.DefaultElementLocator.findElement(DefaultElementLocator.java:70)
	at org.openqa.selenium.support.pagefactory.internal.LocatingElementHandler.invoke(LocatingElementHandler.java:39)
	at com.sun.proxy.$Proxy18.getText(Unknown Source)
	at com.tutorialninja.utility.Utility.getTextFromElement(Utility.java:62)
	at com.tutorialninja.page.MyAccount.getVerifyRegister(MyAccount.java:84)
	at com.tutorialninja.testsuite.MyAccountTest.verifyUserShouldNavigateToRegisterPageSuccessfully(MyAccountTest.java:24)
	at java.base/java.util.ArrayList.forEach(ArrayList.java:1541)
	at com.intellij.rt.testng.IDEARemoteTestNG.run(IDEARemoteTestNG.java:66)
	at com.intellij.rt.testng.RemoteTestNGStarter.main(RemoteTestNGStarter.java:109)
... Removed 28 stack frames</div></td></tr></table><p class="totop"><a href="#summary">back to summary</a></p>
<h3 id="m5">com.tutorialninja.testsuite.DesktopTest#verifyProductAddedToShoppingCartSuccessFully</h3><table class="result"><tr><th>Messages</th></tr><tr><td><div class="messages">currencyLink[[ChromeDriver: chrome on WINDOWS (3a07abf382164bf52919f882f6b348e2)] -> xpath: //span[contains(text(),'Currency')]]<br/>clickOnDesktopLink[[ChromeDriver: chrome on WINDOWS (3a07abf382164bf52919f882f6b348e2)] -> link text: Desktops]<br/>clickOnShowAllDeskTop[[ChromeDriver: chrome on WINDOWS (3a07abf382164bf52919f882f6b348e2)] -> xpath: //a[contains(text(),'Show All Desktops')]]<br/>sortByNameZtoA[[ChromeDriver: chrome on WINDOWS (3a07abf382164bf52919f882f6b348e2)] -> id: input-sort]<br/>clickOnHpLp3065[[ChromeDriver: chrome on WINDOWS (3a07abf382164bf52919f882f6b348e2)] -> xpath: //a[contains(text(),'HP LP3065')]]<br/>verifyTextHplp3065[[ChromeDriver: chrome on WINDOWS (3a07abf382164bf52919f882f6b348e2)] -> xpath: //h1[contains(text(),'HP LP3065')]]<br/>addToCart[[ChromeDriver: chrome on WINDOWS (3a07abf382164bf52919f882f6b348e2)] -> xpath: //button[@id='button-cart']]<br/>verifyShoppingCart[[ChromeDriver: chrome on WINDOWS (3a07abf382164bf52919f882f6b348e2)] -> xpath: //div[@id='content']//h1]<br/>clickShoppingCart[[ChromeDriver: chrome on WINDOWS (3a07abf382164bf52919f882f6b348e2)] -> xpath: //button[@id='button-cart']]<br/>verifyHPlp3065[[ChromeDriver: chrome on WINDOWS (3a07abf382164bf52919f882f6b348e2)] -> xpath: //h1[contains(text(),'HP LP3065')]]<br/>verifyModel[[ChromeDriver: chrome on WINDOWS (3a07abf382164bf52919f882f6b348e2)] -> xpath: //li[contains(text(),'Product Code: Product 21')]]<br/>Click to see screenshot<br/><a target = "_blank" href=C:\Users\Nimisha\Week15-project5-com-tutorialninja-page-factory_NimishaPatel/test-output/html/verifyProductAddedToShoppingCartSuccessFullyTue_Dec_13_22_22_41_GMT_2022.jpg>Screenshot</a><br/><br><br/>Click to see screenshot<br/><a target = "_blank" href=C:\Users\Nimisha\Week15-project5-com-tutorialninja-page-factory_NimishaPatel/test-output/html/verifyProductAddedToShoppingCartSuccessFullyTue_Dec_13_22_22_41_GMT_2022.jpg>Screenshot</a><br/><br></div></td></tr></table><p class="totop"><a href="#summary">back to summary</a></p>
<h3 id="m6">com.tutorialninja.testsuite.DesktopTest#verifyProductArrangeInAlphabeticalOrder</h3><table class="result"><tr><th>Messages</th></tr><tr><td><div class="messages">clickOnDesktopLink[[ChromeDriver: chrome on WINDOWS (296aa59f61f2356b4852885805a5c81b)] -> link text: Desktops]<br/>clickOnShowAllDeskTop[[ChromeDriver: chrome on WINDOWS (296aa59f61f2356b4852885805a5c81b)] -> xpath: //a[contains(text(),'Show All Desktops')]]<br/>Click to see screenshot<br/><a target = "_blank" href=C:\Users\Nimisha\Week15-project5-com-tutorialninja-page-factory_NimishaPatel/test-output/html/verifyProductArrangeInAlphabeticalOrderTue_Dec_13_22_22_48_GMT_2022.jpg>Screenshot</a><br/><br><br/>Click to see screenshot<br/><a target = "_blank" href=C:\Users\Nimisha\Week15-project5-com-tutorialninja-page-factory_NimishaPatel/test-output/html/verifyProductArrangeInAlphabeticalOrderTue_Dec_13_22_22_48_GMT_2022.jpg>Screenshot</a><br/><br></div></td></tr></table><p class="totop"><a href="#summary">back to summary</a></p>
<h3 id="m7">com.tutorialninja.testsuite.HomePageTest#verifyUserShouldNavigateToDesktopsPageSuccessfully</h3><table class="result"><tr><th>Messages</th></tr><tr><td><div class="messages">clickOnDesktopLink[[ChromeDriver: chrome on WINDOWS (352b67f9c9fd73339e7aa55bdd91f366)] -> link text: Desktops]<br/>verifyText[[ChromeDriver: chrome on WINDOWS (352b67f9c9fd73339e7aa55bdd91f366)] -> xpath: //h2[contains(text(),'Desktops')]]<br/>Click to see screenshot<br/><a target = "_blank" href=C:\Users\Nimisha\Week15-project5-com-tutorialninja-page-factory_NimishaPatel/test-output/html/verifyUserShouldNavigateToDesktopsPageSuccessfullyTue_Dec_13_22_24_00_GMT_2022.jpg>Screenshot</a><br/><br><br/>Click to see screenshot<br/><a target = "_blank" href=C:\Users\Nimisha\Week15-project5-com-tutorialninja-page-factory_NimishaPatel/test-output/html/verifyUserShouldNavigateToDesktopsPageSuccessfullyTue_Dec_13_22_24_00_GMT_2022.jpg>Screenshot</a><br/><br></div></td></tr></table><p class="totop"><a href="#summary">back to summary</a></p>
<h3 id="m8">com.tutorialninja.testsuite.HomePageTest#verifyUserShouldNavigateToLaptopsAndNotebooksPageSuccessfully</h3><table class="result"><tr><th>Messages</th></tr><tr><td><div class="messages">laptopNotebookLink[[ChromeDriver: chrome on WINDOWS (843bbf1fe49a12049e5286aeac819b43)] -> link text: Laptops & Notebooks]<br/>verifyText1[[ChromeDriver: chrome on WINDOWS (843bbf1fe49a12049e5286aeac819b43)] -> xpath: //h2[contains(text(),'Laptops & Notebooks')]]<br/>Click to see screenshot<br/><a target = "_blank" href=C:\Users\Nimisha\Week15-project5-com-tutorialninja-page-factory_NimishaPatel/test-output/html/verifyUserShouldNavigateToLaptopsAndNotebooksPageSuccessfullyTue_Dec_13_22_24_06_GMT_2022.jpg>Screenshot</a><br/><br><br/>Click to see screenshot<br/><a target = "_blank" href=C:\Users\Nimisha\Week15-project5-com-tutorialninja-page-factory_NimishaPatel/test-output/html/verifyUserShouldNavigateToLaptopsAndNotebooksPageSuccessfullyTue_Dec_13_22_24_06_GMT_2022.jpg>Screenshot</a><br/><br></div></td></tr></table><p class="totop"><a href="#summary">back to summary</a></p>
<h3 id="m9">com.tutorialninja.testsuite.LaptopsAndNotebooksTest#verifyProductsPriceDisplayHighToLowSuccessfully</h3><table class="result"><tr><th>Messages</th></tr><tr><td><div class="messages">clickOnLaptopsLink[[ChromeDriver: chrome on WINDOWS (d57ca7f3f89ca869173f86c065a6dbce)] -> link text: Laptops & Notebooks]<br/>clickOnAllLaptopAndNotebooksLink[[ChromeDriver: chrome on WINDOWS (d57ca7f3f89ca869173f86c065a6dbce)] -> link text: Show All Laptops & Notebooks]<br/>Click to see screenshot<br/><a target = "_blank" href=C:\Users\Nimisha\Week15-project5-com-tutorialninja-page-factory_NimishaPatel/test-output/html/verifyProductsPriceDisplayHighToLowSuccessfullyTue_Dec_13_22_24_13_GMT_2022.jpg>Screenshot</a><br/><br><br/>Click to see screenshot<br/><a target = "_blank" href=C:\Users\Nimisha\Week15-project5-com-tutorialninja-page-factory_NimishaPatel/test-output/html/verifyProductsPriceDisplayHighToLowSuccessfullyTue_Dec_13_22_24_13_GMT_2022.jpg>Screenshot</a><br/><br></div></td></tr></table><p class="totop"><a href="#summary">back to summary</a></p>
<h3 id="m10">com.tutorialninja.testsuite.MyAccountTest#verifyThatUserShouldLoginAndLogoutSuccessfully</h3><table class="result"><tr><th>Messages</th></tr><tr><td><div class="messages">myAccountTab[[ChromeDriver: chrome on WINDOWS (4b6749616170ff83d10d0d79f1c34bc2)] -> xpath: //span[contains(text(),'My Account')]]<br/>enterEmail[[ChromeDriver: chrome on WINDOWS (4b6749616170ff83d10d0d79f1c34bc2)] -> id: input-email]<br/>enterPass[[ChromeDriver: chrome on WINDOWS (4b6749616170ff83d10d0d79f1c34bc2)] -> id: input-password]<br/>Click to see screenshot<br/><a target = "_blank" href=C:\Users\Nimisha\Week15-project5-com-tutorialninja-page-factory_NimishaPatel/test-output/html/verifyThatUserShouldLoginAndLogoutSuccessfullyTue_Dec_13_22_26_38_GMT_2022.jpg>Screenshot</a><br/><br><br/>Click to see screenshot<br/><a target = "_blank" href=C:\Users\Nimisha\Week15-project5-com-tutorialninja-page-factory_NimishaPatel/test-output/html/verifyThatUserShouldLoginAndLogoutSuccessfullyTue_Dec_13_22_26_38_GMT_2022.jpg>Screenshot</a><br/><br></div></td></tr></table><p class="totop"><a href="#summary">back to summary</a></p>
</body>
</html>
